Added Pin To Net: NetName=IMU_INT Pin=U2-45
Added Pin To Net: NetName=IMU_INT Pin=U3-12
Added Net: Name=IMU_INT
Added Pin To Net: NetName=MCU_SWCLK Pin=J2-4
Added Pin To Net: NetName=MCU_SWCLK Pin=U2-37
Added Net: Name=MCU_SWCLK
Added Pin To Net: NetName=MCU_SWDIO Pin=J2-2
Added Pin To Net: NetName=MCU_SWDIO Pin=U2-34
Added Net: Name=MCU_SWDIO
Added Pin To Net: NetName=MCU_SWO Pin=J2-6
Added Pin To Net: NetName=MCU_SWO Pin=U2-39
Added Net: Name=MCU_SWO
Added Pin To Net: NetName=USB_D_N Pin=J1-2
Added Pin To Net: NetName=USB_D_N Pin=U2-32
Added Net: Name=USB_D_N
Added Pin To Net: NetName=USB_D_P Pin=J1-3
Added Pin To Net: NetName=USB_D_P Pin=U2-33
Added Net: Name=USB_D_P
Added Differential Pair: Name=USB_D
Added Member To Class: ClassName=USB_DIFF Member=Wire USB_D_N
Added Member To Class: ClassName=USB_DIFF Member=Wire USB_D_P
