Added Member To Class: ClassName=STM32_Schematic Member=Component C1 GRM32ER61C226KE20L
Added Member To Class: ClassName=STM32_Schematic Member=Component C2 GRM32ER61C226KE20L
Added Member To Class: ClassName=STM32_Schematic Member=Component C3 2u2
Added Member To Class: ClassName=STM32_Schematic Member=Component C4 2u2
Added Member To Class: ClassName=STM32_Schematic Member=Component C5 2n2
Added Member To Class: ClassName=STM32_Schematic Member=Component C6 10nF
Added Member To Class: ClassName=STM32_Schematic Member=Component C7 100nF
Added Member To Class: ClassName=STM32_Schematic Member=Component C8 100nF
Added Member To Class: ClassName=STM32_Schematic Member=Component C9 100nF
Added Member To Class: ClassName=STM32_Schematic Member=Component C10 2u2
Added Member To Class: ClassName=STM32_Schematic Member=Component C11 100nF
Added Member To Class: ClassName=STM32_Schematic Member=Component C12 100nF
Added Member To Class: ClassName=STM32_Schematic Member=Component C13 100nF
Added Member To Class: ClassName=STM32_Schematic Member=Component C14 100nF
Added Member To Class: ClassName=STM32_Schematic Member=Component C15 100nF
Added Member To Class: ClassName=STM32_Schematic Member=Component C16 2.2uF
Added Member To Class: ClassName=STM32_Schematic Member=Component C17 C1608C0G1H100D080AA
Added Member To Class: ClassName=STM32_Schematic Member=Component C18 C1608C0G1H100D080AA
Added Member To Class: ClassName=STM32_Schematic Member=Component D1 LTST-C190GKT
Added Member To Class: ClassName=STM32_Schematic Member=Component DS1 TLMS1100-GS08
Added Member To Class: ClassName=STM32_Schematic Member=Component FB1 FBMH1608HL300-T
Added Member To Class: ClassName=STM32_Schematic Member=Component J1 473460001
Added Member To Class: ClassName=STM32_Schematic Member=Component J2 TC2030-IDC-NL
Added Member To Class: ClassName=STM32_Schematic Member=Component J3 BM04B-GHS-TBT(LF)(SN)
Added Member To Class: ClassName=STM32_Schematic Member=Component R1 ERJ-6ENF1001V
Added Member To Class: ClassName=STM32_Schematic Member=Component R2 10k
Added Member To Class: ClassName=STM32_Schematic Member=Component R3 10k
Added Member To Class: ClassName=STM32_Schematic Member=Component R4 ERJ-6ENF1001V
Added Member To Class: ClassName=STM32_Schematic Member=Component R5 ERJ-2RKF2201X
Added Member To Class: ClassName=STM32_Schematic Member=Component R6 ERJ-2RKF2201X
Added Member To Class: ClassName=STM32_Schematic Member=Component R7 CRG0805ZR
Added Member To Class: ClassName=STM32_Schematic Member=Component U1 ams1117
Added Member To Class: ClassName=STM32_Schematic Member=Component U2 STM32F411CEU6
Added Member To Class: ClassName=STM32_Schematic Member=Component U3 MPU-6050
Added Member To Class: ClassName=STM32_Schematic Member=Component Y1 7M-24.000MEEQ-T
